<?xml version="1.0" encoding="utf-8"?><testsuites name="pytest tests"><testsuite name="pytest" errors="0" failures="0" skipped="0" tests="8" time="16.082" timestamp="2026-02-28T08:32:11.586756+00:00" hostname="agent-env-96d4cc9a-e6e5-434a-b1d7-41fc475bdfd2"><testcase classname="backend.tests.test_iteration20_p2_features.TestTaskStatusUpdate" name="test_task_status_update_with_json_body" time="3.528" /><testcase classname="backend.tests.test_iteration20_p2_features.TestQuizQRCode" name="test_quiz_list_endpoint" time="1.603" /><testcase classname="backend.tests.test_iteration20_p2_features.TestQuizQRCode" name="test_quiz_qr_code_generation" time="2.331" /><testcase classname="backend.tests.test_iteration20_p2_features.TestAttendanceInsights" name="test_attendance_insights_branch_admin_access" time="1.662" /><testcase classname="backend.tests.test_iteration20_p2_features.TestAttendanceInsights" name="test_attendance_insights_trainer_denied" time="1.973" /><testcase classname="backend.tests.test_iteration20_p2_features.TestTrainerDashboard" name="test_trainer_dashboard_contains_passed_students" time="1.688" /><testcase classname="backend.tests.test_iteration20_p2_features.TestTrainerDashboard" name="test_trainer_batches" time="1.628" /><testcase classname="backend.tests.test_iteration20_p2_features.TestTrainerTasksAccess" name="test_trainer_can_access_tasks_endpoint" time="1.606" /></testsuite></testsuites>