<?xml version="1.0" encoding="utf-8"?><testsuites name="pytest tests"><testsuite name="pytest" errors="0" failures="0" skipped="1" tests="12" time="17.717" timestamp="2026-02-28T07:23:21.520762+00:00" hostname="agent-env-96d4cc9a-e6e5-434a-b1d7-41fc475bdfd2"><testcase classname="backend.tests.test_iteration18_features.TestLeadStatusUpdate" name="test_branch_admin_login" time="1.494" /><testcase classname="backend.tests.test_iteration18_features.TestLeadStatusUpdate" name="test_get_leads" time="1.839" /><testcase classname="backend.tests.test_iteration18_features.TestLeadStatusUpdate" name="test_lead_status_update" time="1.641"><skipped type="pytest.skip" message="No non-converted leads available for testing">/app/backend/tests/test_iteration18_features.py:83: No non-converted leads available for testing</skipped></testcase><testcase classname="backend.tests.test_iteration18_features.TestTaskManagement" name="test_branch_admin_can_get_branch_users" time="1.614" /><testcase classname="backend.tests.test_iteration18_features.TestTaskManagement" name="test_branch_admin_can_create_task" time="2.293" /><testcase classname="backend.tests.test_iteration18_features.TestTaskManagement" name="test_get_tasks" time="1.602" /><testcase classname="backend.tests.test_iteration18_features.TestTrainerStats" name="test_get_trainer_stats" time="1.617" /><testcase classname="backend.tests.test_iteration18_features.TestTrainerDashboard" name="test_trainer_login" time="0.913" /><testcase classname="backend.tests.test_iteration18_features.TestTrainerDashboard" name="test_trainer_dashboard_with_birthdays" time="1.618" /><testcase classname="backend.tests.test_iteration18_features.TestCertificateFeeCheck" name="test_certificate_api_exists" time="0.688" /><testcase classname="backend.tests.test_iteration18_features.TestCertificateFeeCheck" name="test_certificate_request_with_pending_fees" time="0.684" /><testcase classname="backend.tests.test_iteration18_features.TestAttendanceDateRestriction" name="test_attendance_endpoint" time="1.649" /></testsuite></testsuites>