<?xml version="1.0" encoding="utf-8"?><testsuites name="pytest tests"><testsuite name="pytest" errors="0" failures="0" skipped="0" tests="13" time="24.183" timestamp="2026-02-27T08:14:45.340933+00:00" hostname="agent-env-93ad3548-a4d4-4728-a367-348a664be623"><testcase classname="backend.tests.test_iteration14.TestBranchAdminFinancialStats" name="test_financial_stats_endpoint_exists" time="1.789" /><testcase classname="backend.tests.test_iteration14.TestBranchAdminFinancialStats" name="test_financial_stats_has_exam_revenue" time="1.777" /><testcase classname="backend.tests.test_iteration14.TestBranchAdminFinancialStats" name="test_financial_stats_structure" time="1.592" /><testcase classname="backend.tests.test_iteration14.TestCampaignManagement" name="test_get_campaigns_endpoint" time="1.655" /><testcase classname="backend.tests.test_iteration14.TestCampaignManagement" name="test_create_campaign" time="1.618" /><testcase classname="backend.tests.test_iteration14.TestCampaignManagement" name="test_campaign_analytics_endpoint" time="2.237" /><testcase classname="backend.tests.test_iteration14.TestQuizExamPermissions" name="test_academic_controller_can_access_quiz_exams" time="1.568" /><testcase classname="backend.tests.test_iteration14.TestQuizExamPermissions" name="test_academic_controller_can_create_quiz" time="1.542" /><testcase classname="backend.tests.test_iteration14.TestStudentEditPermissions" name="test_students_endpoint_accessible" time="1.580" /><testcase classname="backend.tests.test_iteration14.TestStudentEditPermissions" name="test_student_update_endpoint_exists" time="2.824" /><testcase classname="backend.tests.test_iteration14.TestReportsAccessControl" name="test_reports_endpoint_accessible_for_counsellor" time="1.837" /><testcase classname="backend.tests.test_iteration14.TestReportsAccessControl" name="test_reports_endpoint_accessible_for_branch_admin" time="1.800" /><testcase classname="backend.tests.test_iteration14.TestCleanup" name="test_cleanup_test_campaigns" time="2.313" /></testsuite></testsuites>