<?xml version="1.0" encoding="utf-8"?><testsuites name="pytest tests"><testsuite name="pytest" errors="0" failures="3" skipped="1" tests="12" time="17.098" timestamp="2026-02-28T07:22:23.613070+00:00" hostname="agent-env-96d4cc9a-e6e5-434a-b1d7-41fc475bdfd2"><testcase classname="backend.tests.test_iteration18_features.TestLeadStatusUpdate" name="test_branch_admin_login" time="1.400" /><testcase classname="backend.tests.test_iteration18_features.TestLeadStatusUpdate" name="test_get_leads" time="1.842" /><testcase classname="backend.tests.test_iteration18_features.TestLeadStatusUpdate" name="test_lead_status_update" time="1.600"><skipped type="pytest.skip" message="No non-converted leads available for testing">/app/backend/tests/test_iteration18_features.py:83: No non-converted leads available for testing</skipped></testcase><testcase classname="backend.tests.test_iteration18_features.TestTaskManagement" name="test_branch_admin_can_get_branch_users" time="1.608"><failure message="AssertionError: Failed to get branch users: {&quot;detail&quot;:&quot;Not Found&quot;}&#10;assert 404 == 200&#10; +  where 404 = &lt;Response [404]&gt;.status_code">backend/tests/test_iteration18_features.py:127: in test_branch_admin_can_get_branch_users
    assert response.status_code == 200, f"Failed to get branch users: {response.text}"
E   AssertionError: Failed to get branch users: {"detail":"Not Found"}
E   assert 404 == 200
E    +  where 404 = &lt;Response [404]&gt;.status_code</failure></testcase><testcase classname="backend.tests.test_iteration18_features.TestTaskManagement" name="test_branch_admin_can_create_task" time="1.601"><failure message="AttributeError: 'str' object has no attribute 'get'">backend/tests/test_iteration18_features.py:145: in test_branch_admin_can_create_task
    assignees = [u for u in users if u.get('role') in ['Trainer', 'Front Desk Executive']]
                ^^^^^^^^^^^^^^^^^^^^^^^^^^^^^^^^^^^^^^^^^^^^^^^^^^^^^^^^^^^^^^^^^^^^^^^^^^
backend/tests/test_iteration18_features.py:145: in &lt;listcomp&gt;
    assignees = [u for u in users if u.get('role') in ['Trainer', 'Front Desk Executive']]
                                     ^^^^^
E   AttributeError: 'str' object has no attribute 'get'</failure></testcase><testcase classname="backend.tests.test_iteration18_features.TestTaskManagement" name="test_get_tasks" time="1.616" /><testcase classname="backend.tests.test_iteration18_features.TestTrainerStats" name="test_get_trainer_stats" time="1.606"><failure message="AssertionError: Failed to get trainer stats: {&quot;detail&quot;:&quot;Not Found&quot;}&#10;assert 404 == 200&#10; +  where 404 = &lt;Response [404]&gt;.status_code">backend/tests/test_iteration18_features.py:192: in test_get_trainer_stats
    assert response.status_code == 200, f"Failed to get trainer stats: {response.text}"
E   AssertionError: Failed to get trainer stats: {"detail":"Not Found"}
E   assert 404 == 200
E    +  where 404 = &lt;Response [404]&gt;.status_code</failure></testcase><testcase classname="backend.tests.test_iteration18_features.TestTrainerDashboard" name="test_trainer_login" time="0.956" /><testcase classname="backend.tests.test_iteration18_features.TestTrainerDashboard" name="test_trainer_dashboard_with_birthdays" time="1.655" /><testcase classname="backend.tests.test_iteration18_features.TestCertificateFeeCheck" name="test_certificate_api_exists" time="0.692" /><testcase classname="backend.tests.test_iteration18_features.TestCertificateFeeCheck" name="test_certificate_request_with_pending_fees" time="0.709" /><testcase classname="backend.tests.test_iteration18_features.TestAttendanceDateRestriction" name="test_attendance_endpoint" time="1.658" /></testsuite></testsuites>