<?xml version="1.0" encoding="utf-8"?><testsuites name="pytest tests"><testsuite name="pytest" errors="0" failures="0" skipped="2" tests="9" time="12.108" timestamp="2026-02-27T07:20:36.380155+00:00" hostname="agent-env-93ad3548-a4d4-4728-a367-348a664be623"><testcase classname="backend.tests.test_incentives" name="test_counsellor_incentives_endpoint_structure" time="1.005"><skipped type="pytest.skip" message="Counsellor login failed">/app/backend/tests/test_incentives.py:47: Counsellor login failed</skipped></testcase><testcase classname="backend.tests.test_incentives" name="test_counsellor_incentives_requires_auth" time="1.314" /><testcase classname="backend.tests.test_incentives" name="test_branch_admin_incentive_stats_structure" time="1.802" /><testcase classname="backend.tests.test_incentives" name="test_branch_admin_incentive_stats_requires_admin_role" time="0.869"><skipped type="pytest.skip" message="Counsellor login failed">/app/backend/tests/test_incentives.py:143: Counsellor login failed</skipped></testcase><testcase classname="backend.tests.test_incentives" name="test_branch_admin_incentive_stats_requires_auth" time="0.656" /><testcase classname="backend.tests.test_incentives" name="test_get_exam_bookings_endpoint" time="1.632" /><testcase classname="backend.tests.test_incentives" name="test_exam_booking_status_update_endpoint_exists" time="1.591" /><testcase classname="backend.tests.test_incentives" name="test_refund_endpoint_exists" time="1.624" /><testcase classname="backend.tests.test_incentives" name="test_exam_bookings_contain_incentive_refund_fields" time="1.555" /></testsuite></testsuites>