<?xml version="1.0" encoding="utf-8"?><testsuites name="pytest tests"><testsuite name="pytest" errors="0" failures="0" skipped="0" tests="12" time="24.219" timestamp="2026-02-21T06:27:29.705682+00:00" hostname="agent-env-c498f5b0-fb4b-4765-8f8e-115a4746d6b3"><testcase classname="backend.tests.test_iteration4_features.TestHealthCheck" name="test_api_available" time="1.161" /><testcase classname="backend.tests.test_iteration4_features.TestSuperAdminLogin" name="test_super_admin_login" time="1.215" /><testcase classname="backend.tests.test_iteration4_features.TestWhatsAppSettingsAPI" name="test_get_whatsapp_settings" time="1.680" /><testcase classname="backend.tests.test_iteration4_features.TestWhatsAppSettingsAPI" name="test_update_whatsapp_settings_master_switch" time="3.850" /><testcase classname="backend.tests.test_iteration4_features.TestWhatsAppSettingsAPI" name="test_update_individual_notifications" time="2.323" /><testcase classname="backend.tests.test_iteration4_features.TestSuperAdminDashboard" name="test_super_admin_dashboard_endpoint" time="1.890" /><testcase classname="backend.tests.test_iteration4_features.TestSuperAdminDashboard" name="test_branch_wise_analytics" time="1.758" /><testcase classname="backend.tests.test_iteration4_features.TestUserCreationWithBranchAdmin" name="test_get_users_shows_branch_admin" time="1.589" /><testcase classname="backend.tests.test_iteration4_features.TestUserCreationWithBranchAdmin" name="test_create_branch_admin_user" time="2.664" /><testcase classname="backend.tests.test_iteration4_features.TestLeadDeletionPermissions" name="test_super_admin_can_delete_lead" time="2.446" /><testcase classname="backend.tests.test_iteration4_features.TestLeadDeletionPermissions" name="test_deleted_leads_endpoint" time="1.906" /><testcase classname="backend.tests.test_iteration4_features.TestAnalyticsOverview" name="test_analytics_overview" time="1.627" /></testsuite></testsuites>