<?xml version="1.0" encoding="utf-8"?><testsuites name="pytest tests"><testsuite name="pytest" errors="0" failures="0" skipped="2" tests="15" time="28.354" timestamp="2026-02-23T18:31:32.611146+00:00" hostname="agent-env-f5e62f1f-fc97-408f-93db-596baa137b93"><testcase classname="tests.test_certificate_management.TestCertificatePublicEndpoints" name="test_get_enrollment_info_valid" time="1.114" /><testcase classname="tests.test_certificate_management.TestCertificatePublicEndpoints" name="test_get_enrollment_info_invalid" time="0.811" /><testcase classname="tests.test_certificate_management.TestCertificatePublicEndpoints" name="test_public_certificate_request_submission" time="0.695" /><testcase classname="tests.test_certificate_management.TestCertificatePublicEndpoints" name="test_public_verify_invalid" time="0.679" /><testcase classname="tests.test_certificate_management.TestCertificateManagerAccess" name="test_certificate_manager_role_correct" time="1.916" /><testcase classname="tests.test_certificate_management.TestCertificateManagerAccess" name="test_cm_can_list_certificate_requests" time="2.574" /><testcase classname="tests.test_certificate_management.TestCertificateManagerAccess" name="test_admin_can_list_certificate_requests" time="3.141" /><testcase classname="tests.test_certificate_management.TestCertificateManagerAccess" name="test_counsellor_cannot_access_certificate_requests" time="2.765"><skipped type="pytest.skip" message="Counsellor login failed">/app/backend/tests/test_certificate_management.py:157: Counsellor login failed</skipped></testcase><testcase classname="tests.test_certificate_management.TestCertificateWorkflow" name="test_get_pending_requests" time="2.247" /><testcase classname="tests.test_certificate_management.TestCertificateWorkflow" name="test_approve_request" time="2.481" /><testcase classname="tests.test_certificate_management.TestCertificateWorkflow" name="test_download_certificate" time="2.603" /><testcase classname="tests.test_certificate_management.TestCertificateWorkflow" name="test_verify_valid_certificate" time="2.486" /><testcase classname="tests.test_certificate_management.TestCertificateWorkflow" name="test_reject_request" time="2.318"><skipped type="pytest.skip" message="No pending requests to reject">/app/backend/tests/test_certificate_management.py:324: No pending requests to reject</skipped></testcase><testcase classname="tests.test_certificate_management.TestVerifyWithProvidedId" name="test_verify_provided_id" time="0.713" /><testcase classname="tests.test_certificate_management.TestWhatsAppCertificateEvent" name="test_whatsapp_settings_include_certificate_ready" time="1.702" /></testsuite></testsuites>