<?xml version="1.0" encoding="utf-8"?><testsuites name="pytest tests"><testsuite name="pytest" errors="0" failures="0" skipped="0" tests="8" time="12.858" timestamp="2026-02-28T07:48:00.925563+00:00" hostname="agent-env-96d4cc9a-e6e5-434a-b1d7-41fc475bdfd2"><testcase classname="backend.tests.test_iteration19_user_efficiency.TestUserEfficiencyAPI" name="test_health_check" time="1.477" /><testcase classname="backend.tests.test_iteration19_user_efficiency.TestUserEfficiencyAPI" name="test_user_efficiency_branch_admin_access" time="1.842" /><testcase classname="backend.tests.test_iteration19_user_efficiency.TestUserEfficiencyAPI" name="test_user_efficiency_counsellor_access_denied" time="1.884" /><testcase classname="backend.tests.test_iteration19_user_efficiency.TestUserEfficiencyAPI" name="test_user_efficiency_response_structure" time="1.627" /><testcase classname="backend.tests.test_iteration19_user_efficiency.TestFollowupRemindersAPI" name="test_followup_due_soon_endpoint" time="1.612" /><testcase classname="backend.tests.test_iteration19_user_efficiency.TestFollowupRemindersAPI" name="test_notifications_endpoint" time="1.581" /><testcase classname="backend.tests.test_iteration19_user_efficiency.TestFollowupRemindersAPI" name="test_notifications_unread_count" time="1.860" /><testcase classname="backend.tests.test_iteration19_user_efficiency.TestSidebarUserEfficiencyLink" name="test_branch_admin_login_returns_correct_role" time="0.908" /></testsuite></testsuites>