<?xml version="1.0" encoding="utf-8"?><testsuites name="pytest tests"><testsuite name="pytest" errors="0" failures="0" skipped="0" tests="17" time="26.575" timestamp="2026-02-27T08:26:07.265384+00:00" hostname="agent-env-93ad3548-a4d4-4728-a367-348a664be623"><testcase classname="backend.tests.test_p2_features.TestAuthentication" name="test_trainer_login" time="1.158" /><testcase classname="backend.tests.test_p2_features.TestAuthentication" name="test_branch_admin_login" time="1.102" /><testcase classname="backend.tests.test_p2_features.TestTrainerDashboard" name="test_trainer_dashboard_loads" time="1.562" /><testcase classname="backend.tests.test_p2_features.TestTrainerDashboard" name="test_trainer_batches_endpoint" time="1.593" /><testcase classname="backend.tests.test_p2_features.TestTrainerDashboard" name="test_non_trainer_cannot_access_dashboard" time="2.493" /><testcase classname="backend.tests.test_p2_features.TestAttendanceAPI" name="test_attendance_bulk_endpoint_exists" time="2.248" /><testcase classname="backend.tests.test_p2_features.TestAttendanceAPI" name="test_single_attendance_endpoint" time="2.253" /><testcase classname="backend.tests.test_p2_features.TestAttendanceAPI" name="test_get_batch_attendance" time="2.300" /><testcase classname="backend.tests.test_p2_features.TestCourseCompletionAPI" name="test_course_completion_endpoint_exists" time="1.590" /><testcase classname="backend.tests.test_p2_features.TestCourseCompletionAPI" name="test_get_course_completions" time="1.584" /><testcase classname="backend.tests.test_p2_features.TestPaymentModel" name="test_payments_have_student_name_and_program_name" time="1.590" /><testcase classname="backend.tests.test_p2_features.TestPaymentModel" name="test_reports_income_with_student_names" time="1.554" /><testcase classname="backend.tests.test_p2_features.TestPublicCertificateRequest" name="test_public_enrollment_lookup_endpoint" time="0.661" /><testcase classname="backend.tests.test_p2_features.TestPublicCertificateRequest" name="test_public_certificate_request_endpoint" time="0.740" /><testcase classname="backend.tests.test_p2_features.TestPublicCertificateRequest" name="test_public_certificate_verify_endpoint" time="0.671" /><testcase classname="backend.tests.test_p2_features.TestReportsWithStudentNames" name="test_pending_payments_report_has_student_names" time="1.815" /><testcase classname="backend.tests.test_p2_features.TestReportsWithStudentNames" name="test_leads_report" time="1.595" /></testsuite></testsuites>