<?xml version="1.0" encoding="utf-8"?><testsuites name="pytest tests"><testsuite name="pytest" errors="0" failures="0" skipped="0" tests="13" time="27.212" timestamp="2026-02-21T09:52:09.862274+00:00" hostname="agent-env-e0722da4-f20e-40cc-9997-4e9930e5f769"><testcase classname="backend.tests.test_iteration5_features.TestAuthentication" name="test_super_admin_login" time="1.404" /><testcase classname="backend.tests.test_iteration5_features.TestDashboardDeletedLeads" name="test_analytics_overview_includes_deleted_count" time="1.674" /><testcase classname="backend.tests.test_iteration5_features.TestDashboardDeletedLeads" name="test_branch_wise_analytics_includes_deleted" time="1.897" /><testcase classname="backend.tests.test_iteration5_features.TestWhatsAppPerEventTemplates" name="test_get_whatsapp_settings_has_5_events" time="1.739" /><testcase classname="backend.tests.test_iteration5_features.TestWhatsAppPerEventTemplates" name="test_update_event_template_settings" time="3.057" /><testcase classname="backend.tests.test_iteration5_features.TestQuizExamsModule" name="test_get_quiz_exams_list" time="1.670" /><testcase classname="backend.tests.test_iteration5_features.TestQuizExamsModule" name="test_create_quiz_exam" time="1.658" /><testcase classname="backend.tests.test_iteration5_features.TestQuizExamsModule" name="test_public_quiz_endpoint_no_auth" time="2.426" /><testcase classname="backend.tests.test_iteration5_features.TestQuizExamsModule" name="test_get_quiz_details_admin" time="2.407" /><testcase classname="backend.tests.test_iteration5_features.TestQuizExamsModule" name="test_quiz_attempts_endpoint" time="1.665" /><testcase classname="backend.tests.test_iteration5_features.TestBranchAdminTaskAssignment" name="test_branch_users_endpoint_exists" time="1.728" /><testcase classname="backend.tests.test_iteration5_features.TestBranchAdminTaskAssignment" name="test_create_branch_admin_and_verify_branch_users" time="4.976" /><testcase classname="backend.tests.test_iteration5_features.TestExistingQuizExam" name="test_existing_quiz_c731a28a" time="0.713" /></testsuite></testsuites>