<?xml version="1.0" encoding="utf-8"?><testsuites name="pytest tests"><testsuite name="pytest" errors="0" failures="1" skipped="1" tests="32" time="37.667" timestamp="2026-02-20T17:04:41.631456+00:00" hostname="agent-env-1374769a-a61d-4575-b66e-1cffe964c5cb"><testcase classname="backend.tests.test_fde_features.TestAuthentication" name="test_admin_login" time="1.184" /><testcase classname="backend.tests.test_fde_features.TestExpenseCategories" name="test_get_expense_categories_empty_or_existing" time="2.295" /><testcase classname="backend.tests.test_fde_features.TestExpenseCategories" name="test_create_expense_category" time="0.878" /><testcase classname="backend.tests.test_fde_features.TestExpenseCategories" name="test_create_expense_category_utilities" time="0.659" /><testcase classname="backend.tests.test_fde_features.TestExpenses" name="test_get_expenses" time="0.650" /><testcase classname="backend.tests.test_fde_features.TestExpenses" name="test_create_expense_needs_category" time="1.310" /><testcase classname="backend.tests.test_fde_features.TestExpenses" name="test_expense_with_upi_payment" time="1.310" /><testcase classname="backend.tests.test_fde_features.TestConvertedLeads" name="test_get_converted_leads" time="0.659" /><testcase classname="backend.tests.test_fde_features.TestEnrollments" name="test_get_enrollments" time="0.647" /><testcase classname="backend.tests.test_fde_features.TestEnrollments" name="test_create_enrollment_from_converted_lead" time="0.661"><skipped type="pytest.skip" message="No converted leads available">/app/backend/tests/test_fde_features.py:225: No converted leads available</skipped></testcase><testcase classname="backend.tests.test_fde_features.TestEnrollments" name="test_enrollment_duplicate_prevention" time="1.315" /><testcase classname="backend.tests.test_fde_features.TestPaymentPlans" name="test_create_onetime_payment_plan" time="1.320" /><testcase classname="backend.tests.test_fde_features.TestPaymentPlans" name="test_payment_plan_duplicate_prevention" time="1.948" /><testcase classname="backend.tests.test_fde_features.TestPayments" name="test_record_payment" time="1.948" /><testcase classname="backend.tests.test_fde_features.TestPayments" name="test_get_enrollment_payments" time="1.339" /><testcase classname="backend.tests.test_fde_features.TestPayments" name="test_payment_with_different_modes" time="1.955" /><testcase classname="backend.tests.test_fde_features.TestPaymentReceipt" name="test_generate_receipt" time="1.970" /><testcase classname="backend.tests.test_fde_features.TestPrograms" name="test_get_programs" time="0.662" /><testcase classname="backend.tests.test_new_features.TestPaymentReceiptWithBranchInfo" name="test_payment_has_branch_id_and_receipt_number" time="2.400"><failure message="AssertionError: Payment should have branch_id field&#10;assert 'branch_id' in {'amount': 10000.0, 'created_at': '2026-02-20T16:09:13.517551+00:00', 'created_by': '678dfa49-3e26-4c3c-a78c-efe7b031b6c2', 'enrollment_id': '14cd2fe0-e51f-458d-ae82-ca65dee4f71b', ...}">backend/tests/test_new_features.py:88: in test_payment_has_branch_id_and_receipt_number
    assert "branch_id" in payment, "Payment should have branch_id field"
E   AssertionError: Payment should have branch_id field
E   assert 'branch_id' in {'amount': 10000.0, 'created_at': '2026-02-20T16:09:13.517551+00:00', 'created_by': '678dfa49-3e26-4c3c-a78c-efe7b031b6c2', 'enrollment_id': '14cd2fe0-e51f-458d-ae82-ca65dee4f71b', ...}</failure></testcase><testcase classname="backend.tests.test_new_features.TestPaymentReceiptWithBranchInfo" name="test_receipt_api_returns_complete_data" time="2.043" /><testcase classname="backend.tests.test_new_features.TestMonthlyFinancialAnalytics" name="test_monthly_financial_api" time="0.719" /><testcase classname="backend.tests.test_new_features.TestMonthlyFinancialAnalytics" name="test_monthly_financial_with_year_param" time="0.690" /><testcase classname="backend.tests.test_new_features.TestBranchWiseFinancialSummary" name="test_branch_wise_financial_api" time="0.694" /><testcase classname="backend.tests.test_new_features.TestMarketingResources" name="test_get_resources_empty_or_existing" time="0.702" /><testcase classname="backend.tests.test_new_features.TestMarketingResources" name="test_create_brochure_resource" time="0.703" /><testcase classname="backend.tests.test_new_features.TestMarketingResources" name="test_create_creative_resource" time="0.681" /><testcase classname="backend.tests.test_new_features.TestMarketingResources" name="test_create_video_resource" time="0.663" /><testcase classname="backend.tests.test_new_features.TestMarketingResources" name="test_create_document_resource" time="0.681" /><testcase classname="backend.tests.test_new_features.TestMarketingResources" name="test_delete_resource" time="2.013" /><testcase classname="backend.tests.test_new_features.TestEnrolledStudentsPaymentStatus" name="test_enrollments_have_final_fee" time="1.474" /><testcase classname="backend.tests.test_new_features.TestAnalyticsOverview" name="test_overview_api" time="0.701" /><testcase classname="backend.tests.test_new_features.TestBranchWiseLeadAnalytics" name="test_branch_wise_analytics_api" time="0.666" /></testsuite></testsuites>